<?xml version="1.0" encoding="UTF-8"?>
<!-- Generated by org.testng.reporters.JUnitReportReporter -->
<testsuite skipped="0" hostname="DESKTOP-B555795" name="testNG.NewTest" tests="1" failures="0" timestamp="15 Nov 2018 22:39:41 GMT" time="0.005" errors="0">
  <testcase name="f" time="0.005" classname="testNG.NewTest"/>
</testsuite> <!-- testNG.NewTest -->
